# JRE version: Java(TM) SE Runtime Environment (8.0_241-b07) (build 1.8.0_241-b07)
# Java VM: Java HotSpot(TM) 64-Bit Server VM (25.241-b07 mixed mode bsd-amd64 compressed oops)
Heap:
 PSYoungGen      total 359424K, used 79874K [0x00000007a0000000, 0x00000007bf400000, 0x00000007c0000000)
  eden space 198656K, 15% used [0x00000007a0000000,0x00000007a1e97bb8,0x00000007ac200000)
  from space 160768K, 30% used [0x00000007ac200000,0x00000007af168f50,0x00000007b5f00000)
  to   space 152576K, 0% used [0x00000007b5f00000,0x00000007b5f00000,0x00000007bf400000)
 ParOldGen       total 415744K, used 67398K [0x0000000760000000, 0x0000000779600000, 0x00000007a0000000)
  object space 415744K, 16% used [0x0000000760000000,0x00000007641d18d0,0x0000000779600000)
 Metaspace       used 186106K, capacity 194542K, committed 195696K, reserved 1220608K
  class space    used 22676K, capacity 24108K, committed 24448K, reserved 1048576K
GC Heap History (10 events):
Event: 6199.894 GC heap before
{Heap before GC invocations=49 (full 6):
 PSYoungGen      total 365568K, used 258898K [0x00000007a0000000, 0x00000007c0000000, 0x00000007c0000000)
  eden space 199680K, 100% used [0x00000007a0000000,0x00000007ac300000,0x00000007ac300000)
  from space 165888K, 35% used [0x00000007b5e00000,0x00000007b97d4868,0x00000007c0000000)
  to   space 158720K, 0% used [0x00000007ac300000,0x00000007ac300000,0x00000007b5e00000)
 ParOldGen       total 415744K, used 67366K [0x0000000760000000, 0x0000000779600000, 0x00000007a0000000)
  object space 415744K, 16% used [0x0000000760000000,0x00000007641c98d0,0x0000000779600000)
 Metaspace       used 180214K, capacity 188524K, committed 189936K, reserved 1216512K
  class space    used 22050K, capacity 23463K, committed 23808K, reserved 1048576K
Event: 6199.916 GC heap after
Heap after GC invocations=49 (full 6):
 PSYoungGen      total 358400K, used 10097K [0x00000007a0000000, 0x00000007bfc00000, 0x00000007c0000000)
  eden space 199680K, 0% used [0x00000007a0000000,0x00000007a0000000,0x00000007ac300000)
  from space 158720K, 6% used [0x00000007ac300000,0x00000007accdc740,0x00000007b5e00000)
  to   space 160256K, 0% used [0x00000007b5f80000,0x00000007b5f80000,0x00000007bfc00000)
 ParOldGen       total 415744K, used 67374K [0x0000000760000000, 0x0000000779600000, 0x00000007a0000000)
  object space 415744K, 16% used [0x0000000760000000,0x00000007641cb8d0,0x0000000779600000)
 Metaspace       used 180214K, capacity 188524K, committed 189936K, reserved 1216512K
  class space    used 22050K, capacity 23463K, committed 23808K, reserved 1048576K
}
Event: 6557.604 GC heap before
{Heap before GC invocations=50 (full 6):
 PSYoungGen      total 358400K, used 209777K [0x00000007a0000000, 0x00000007bfc00000, 0x00000007c0000000)
  eden space 199680K, 100% used [0x00000007a0000000,0x00000007ac300000,0x00000007ac300000)
  from space 158720K, 6% used [0x00000007ac300000,0x00000007accdc740,0x00000007b5e00000)
  to   space 160256K, 0% used [0x00000007b5f80000,0x00000007b5f80000,0x00000007bfc00000)
 ParOldGen       total 415744K, used 67374K [0x0000000760000000, 0x0000000779600000, 0x00000007a0000000)
  object space 415744K, 16% used [0x0000000760000000,0x00000007641cb8d0,0x0000000779600000)
 Metaspace       used 180254K, capacity 188588K, committed 189936K, reserved 1216512K
  class space    used 22050K, capacity 23463K, committed 23808K, reserved 1048576K
Event: 6557.612 GC heap after
Heap after GC invocations=50 (full 6):
 PSYoungGen      total 358912K, used 3184K [0x00000007a0000000, 0x00000007c0000000, 0x00000007c0000000)
  eden space 198656K, 0% used [0x00000007a0000000,0x00000007a0000000,0x00000007ac200000)
  from space 160256K, 1% used [0x00000007b5f80000,0x00000007b629c020,0x00000007bfc00000)
  to   space 161280K, 0% used [0x00000007ac200000,0x00000007ac200000,0x00000007b5f80000)
 ParOldGen       total 415744K, used 67382K [0x0000000760000000, 0x0000000779600000, 0x00000007a0000000)
  object space 415744K, 16% used [0x0000000760000000,0x00000007641cd8d0,0x0000000779600000)
 Metaspace       used 180254K, capacity 188588K, committed 189936K, reserved 1216512K
  class space    used 22050K, capacity 23463K, committed 23808K, reserved 1048576K
}
Event: 6562.007 GC heap before
{Heap before GC invocations=51 (full 6):
 PSYoungGen      total 358912K, used 201840K [0x00000007a0000000, 0x00000007c0000000, 0x00000007c0000000)
  eden space 198656K, 100% used [0x00000007a0000000,0x00000007ac200000,0x00000007ac200000)
  from space 160256K, 1% used [0x00000007b5f80000,0x00000007b629c020,0x00000007bfc00000)
  to   space 161280K, 0% used [0x00000007ac200000,0x00000007ac200000,0x00000007b5f80000)
 ParOldGen       total 415744K, used 67382K [0x0000000760000000, 0x0000000779600000, 0x00000007a0000000)
  object space 415744K, 16% used [0x0000000760000000,0x00000007641cd8d0,0x0000000779600000)
 Metaspace       used 181142K, capacity 189548K, committed 190832K, reserved 1216512K
  class space    used 22141K, capacity 23569K, committed 23936K, reserved 1048576K
Event: 6562.031 GC heap after
Heap after GC invocations=51 (full 6):
 PSYoungGen      total 227328K, used 28354K [0x00000007a0000000, 0x00000007bf800000, 0x00000007c0000000)
  eden space 198656K, 0% used [0x00000007a0000000,0x00000007a0000000,0x00000007ac200000)
  from space 28672K, 98% used [0x00000007ac200000,0x00000007addb0b30,0x00000007ade00000)
  to   space 156672K, 0% used [0x00000007b5f00000,0x00000007b5f00000,0x00000007bf800000)
 ParOldGen       total 415744K, used 67382K [0x0000000760000000, 0x0000000779600000, 0x00000007a0000000)
  object space 415744K, 16% used [0x0000000760000000,0x00000007641cd8d0,0x0000000779600000)
 Metaspace       used 181142K, capacity 189548K, committed 190832K, reserved 1216512K
  class space    used 22141K, capacity 23569K, committed 23936K, reserved 1048576K
}
Event: 6563.043 GC heap before
{Heap before GC invocations=52 (full 6):
 PSYoungGen      total 227328K, used 227010K [0x00000007a0000000, 0x00000007bf800000, 0x00000007c0000000)
  eden space 198656K, 100% used [0x00000007a0000000,0x00000007ac200000,0x00000007ac200000)
  from space 28672K, 98% used [0x00000007ac200000,0x00000007addb0b30,0x00000007ade00000)
  to   space 156672K, 0% used [0x00000007b5f00000,0x00000007b5f00000,0x00000007bf800000)
 ParOldGen       total 415744K, used 67382K [0x0000000760000000, 0x0000000779600000, 0x00000007a0000000)
  object space 415744K, 16% used [0x0000000760000000,0x00000007641cd8d0,0x0000000779600000)
 Metaspace       used 186047K, capacity 194536K, committed 195696K, reserved 1220608K
  class space    used 22675K, capacity 24107K, committed 24448K, reserved 1048576K
Event: 6563.114 GC heap after
Heap after GC invocations=52 (full 6):
 PSYoungGen      total 355328K, used 95037K [0x00000007a0000000, 0x00000007c0000000, 0x00000007c0000000)
  eden space 198656K, 0% used [0x00000007a0000000,0x00000007a0000000,0x00000007ac200000)
  from space 156672K, 60% used [0x00000007b5f00000,0x00000007bbbcf4a8,0x00000007bf800000)
  to   space 160768K, 0% used [0x00000007ac200000,0x00000007ac200000,0x00000007b5f00000)
 ParOldGen       total 415744K, used 67390K [0x0000000760000000, 0x0000000779600000, 0x00000007a0000000)
  object space 415744K, 16% used [0x0000000760000000,0x00000007641cf8d0,0x0000000779600000)
 Metaspace       used 186047K, capacity 194536K, committed 195696K, reserved 1220608K
  class space    used 22675K, capacity 24107K, committed 24448K, reserved 1048576K
}
Event: 6563.891 GC heap before
{Heap before GC invocations=53 (full 6):
 PSYoungGen      total 355328K, used 293693K [0x00000007a0000000, 0x00000007c0000000, 0x00000007c0000000)
  eden space 198656K, 100% used [0x00000007a0000000,0x00000007ac200000,0x00000007ac200000)
  from space 156672K, 60% used [0x00000007b5f00000,0x00000007bbbcf4a8,0x00000007bf800000)
  to   space 160768K, 0% used [0x00000007ac200000,0x00000007ac200000,0x00000007b5f00000)
 ParOldGen       total 415744K, used 67390K [0x0000000760000000, 0x0000000779600000, 0x00000007a0000000)
  object space 415744K, 16% used [0x0000000760000000,0x00000007641cf8d0,0x0000000779600000)
 Metaspace       used 186105K, capacity 194542K, committed 195696K, reserved 1220608K
  class space    used 22676K, capacity 24108K, committed 24448K, reserved 1048576K
Event: 6563.937 GC heap after
Heap after GC invocations=53 (full 6):
 PSYoungGen      total 359424K, used 48547K [0x00000007a0000000, 0x00000007bf400000, 0x00000007c0000000)
  eden space 198656K, 0% used [0x00000007a0000000,0x00000007a0000000,0x00000007ac200000)
  from space 160768K, 30% used [0x00000007ac200000,0x00000007af168f50,0x00000007b5f00000)
  to   space 152576K, 0% used [0x00000007b5f00000,0x00000007b5f00000,0x00000007bf400000)
 ParOldGen       total 415744K, used 67398K [0x0000000760000000, 0x0000000779600000, 0x00000007a0000000)
  object space 415744K, 16% used [0x0000000760000000,0x00000007641d18d0,0x0000000779600000)
 Metaspace       used 186105K, capacity 194542K, committed 195696K, reserved 1220608K
  class space    used 22676K, capacity 24108K, committed 24448K, reserved 1048576K
}

